<?xml version="1.0" encoding="UTF-8"?>
<!-- Generated by org.testng.reporters.JUnitReportReporter -->
<testsuite hostname="A2Z-A279-Rashmi" failures="0" tests="2" name="CreatePostReq" time="2.009" errors="0" timestamp="2023-09-26T20:22:49 IST" skipped="0">
  <testcase classname="CreatePostReq" name="testPostUsingExternalJsonFile" time="1.956"/>
  <system-out/>
  <testcase classname="CreatePostReq" name="testDelete" time="0.053"/>
  <system-out/>
</testsuite> <!-- CreatePostReq -->
