<?xml version="1.0" encoding="UTF-8"?>
<!-- Generated by org.testng.reporters.JUnitReportReporter -->
<testsuite hostname="A2Z-A279-Rashmi" failures="0" tests="1" name="PathAndQueryParams" time="2.432" errors="0" timestamp="2023-09-27T14:43:51 IST" skipped="0">
  <testcase classname="PathAndQueryParams" name="testPathAndQueryParams" time="2.432"/>
  <system-out/>
</testsuite> <!-- PathAndQueryParams -->
