<?xml version="1.0" encoding="UTF-8"?>
<!-- Generated by org.testng.reporters.JUnitReportReporter -->
<testsuite hostname="A2Z-A279-Rashmi" failures="0" tests="4" name="HTTPRequests" time="3.779" errors="0" timestamp="2023-09-22T20:24:34 IST" skipped="0">
  <testcase classname="HTTPRequests" name="getUser" time="2.173"/>
  <system-out/>
  <testcase classname="HTTPRequests" name="createUser" time="0.817"/>
  <system-out/>
  <testcase classname="HTTPRequests" name="updateUser" time="0.399"/>
  <system-out/>
  <testcase classname="HTTPRequests" name="deleteUser" time="0.390"/>
  <system-out/>
</testsuite> <!-- HTTPRequests -->
