<?xml version="1.0" encoding="UTF-8"?>
<!-- Generated by org.testng.reporters.JUnitReportReporter -->
<testsuite hostname="A2Z-A279-Rashmi" failures="0" tests="1" name="validation.ParsingJSONResponseData" time="1.931" errors="0" timestamp="2023-09-27T19:06:16 IST" skipped="0">
  <testcase classname="validation.ParsingJSONResponseData" name="testJsonResponse" time="1.931"/>
  <system-out/>
</testsuite> <!-- validation.ParsingJSONResponseData -->
