<?xml version="1.0" encoding="UTF-8"?>
<!-- Generated by org.testng.reporters.JUnitReportReporter -->
<testsuite hostname="A2Z-A279-Rashmi" failures="0" tests="1" name="CookiesDemo" time="2.470" errors="0" timestamp="2023-09-27T16:18:01 IST" skipped="0">
  <testcase classname="CookiesDemo" name="getCookiesInfo" time="2.470"/>
  <system-out/>
</testsuite> <!-- CookiesDemo -->
