<?xml version="1.0" encoding="UTF-8"?>
<!-- Generated by org.testng.reporters.JUnitReportReporter -->
<testsuite hostname="A2Z-A279-Rashmi" failures="0" tests="1" name="HeadersDemo" time="2.490" errors="0" timestamp="2023-09-27T16:53:18 IST" skipped="0">
  <testcase classname="HeadersDemo" name="getHeaders" time="2.490"/>
  <system-out/>
</testsuite> <!-- HeadersDemo -->
