<?xml version="1.0" encoding="UTF-8"?>
<!-- Generated by org.testng.reporters.JUnitReportReporter -->
<testsuite hostname="A2Z-A279-Rashmi" failures="0" tests="1" name="LoggingDemo" time="1.737" errors="0" timestamp="2023-09-27T16:59:52 IST" skipped="0">
  <testcase classname="LoggingDemo" name="testLogs" time="1.737"/>
  <system-out/>
</testsuite> <!-- LoggingDemo -->
